/*C2*/SET SCHEMA PUBLIC
DISCONNECT
/*C3*/SET SCHEMA PUBLIC
\u000a    create table EMP_EMPRESA (\u000a        EMP_ID bigint generated by default as identity (start with 1),\u000a        EMP_DT_FUNDACAO varbinary(255),\u000a        EMP_ST_NOME varchar(255),\u000a        EMP_CD_TIPO integer,\u000a        primary key (EMP_ID)\u000a    )
\u000a    create table EMS_EMPREGADOS (\u000a        EMP_ID bigint not null,\u000a        PES_ID bigint not null\u000a    )
\u000a    create table PES_PESSOA (\u000a        PER_ID bigint generated by default as identity (start with 1),\u000a        PER_DT_NASCIMENTO varbinary(255),\u000a        PER_ST_NOME varchar(255),\u000a        PER_ST_SOBRENOME varchar(255),\u000a        PER_NM_TELEFONE varchar(255),\u000a        primary key (PER_ID)\u000a    )
\u000a    alter table EMS_EMPREGADOS \u000a        add constraint FKAFEA9E27B1634ACE \u000a        foreign key (PES_ID) \u000a        references PES_PESSOA
\u000a    alter table EMS_EMPREGADOS \u000a        add constraint FKAFEA9E271D968690 \u000a        foreign key (EMP_ID) \u000a        references EMP_EMPRESA
INSERT INTO PES_PESSOA VALUES(1,'aced0005737200176f72672e6a6f64612e74696d652e4c6f63616c44617465fffff804d3e4ebb50200024a000c694c6f63616c4d696c6c69734c000b694368726f6e6f6c6f677974001a4c6f72672f6a6f64612f74696d652f4368726f6e6f6c6f67793b78700000014e994f7c00737200276f72672e6a6f64612e74696d652e6368726f6e6f2e49534f4368726f6e6f6c6f67792453747562a9c811667137502703000078707372001f6f72672e6a6f64612e74696d652e4461746554696d655a6f6e652453747562a62f019a7c321ae30300007870770500035554437878','Fulano','Fulano','3222-2222')
COMMIT
INSERT INTO PES_PESSOA VALUES(2,'aced0005737200176f72672e6a6f64612e74696d652e4c6f63616c44617465fffff804d3e4ebb50200024a000c694c6f63616c4d696c6c69734c000b694368726f6e6f6c6f677974001a4c6f72672f6a6f64612f74696d652f4368726f6e6f6c6f67793b78700000014e994f7c00737200276f72672e6a6f64612e74696d652e6368726f6e6f2e49534f4368726f6e6f6c6f67792453747562a9c811667137502703000078707372001f6f72672e6a6f64612e74696d652e4461746554696d655a6f6e652453747562a62f019a7c321ae30300007870770500035554437878','Sicrano','Sicrano','3222-2222')
COMMIT
INSERT INTO PES_PESSOA VALUES(3,'aced0005737200176f72672e6a6f64612e74696d652e4c6f63616c44617465fffff804d3e4ebb50200024a000c694c6f63616c4d696c6c69734c000b694368726f6e6f6c6f677974001a4c6f72672f6a6f64612f74696d652f4368726f6e6f6c6f67793b78700000014e994f7c00737200276f72672e6a6f64612e74696d652e6368726f6e6f2e49534f4368726f6e6f6c6f67792453747562a9c811667137502703000078707372001f6f72672e6a6f64612e74696d652e4461746554696d655a6f6e652453747562a62f019a7c321ae30300007870770500035554437878','Beltrano','Beltrano','3222-2222')
COMMIT
/*C13*/SET SCHEMA PUBLIC
DISCONNECT
/*C3*/DISCONNECT
/*C12*/SET SCHEMA PUBLIC
DISCONNECT
/*C11*/SET SCHEMA PUBLIC
DISCONNECT
/*C10*/SET SCHEMA PUBLIC
DISCONNECT
/*C8*/SET SCHEMA PUBLIC
DISCONNECT
/*C4*/SET SCHEMA PUBLIC
DISCONNECT
/*C7*/SET SCHEMA PUBLIC
DISCONNECT
/*C6*/SET SCHEMA PUBLIC
DISCONNECT
/*C5*/SET SCHEMA PUBLIC
DISCONNECT
/*C9*/SET SCHEMA PUBLIC
DISCONNECT
