18-12-29 02:28:59,914 [main] Logfile closed: /home/m3/Projetos/exemploweb/web/./tmlog-1.log
18-12-29 02:47:07,186 [main] Starting read of logfile /home/m3/Projetos/exemploweb/web/./tmlog0.log
18-12-29 02:47:07,258 [main] Local heuristic termination of coordinator 127.0.1.1.tm0000100001 with state COMMITTING
18-12-29 02:47:07,260 [main] Local heuristic termination of coordinator 127.0.1.1.tm0000100001 with state COMMITTING
18-12-29 02:47:07,261 [main] Local heuristic termination of coordinator 127.0.1.1.tm0000200001 with state COMMITTING
18-12-29 02:47:07,262 [main] Local heuristic termination of coordinator 127.0.1.1.tm0000200001 with state COMMITTING
18-12-29 02:47:07,264 [main] Local heuristic termination of coordinator 127.0.1.1.tm0000300001 with state COMMITTING
18-12-29 02:47:07,264 [main] Local heuristic termination of coordinator 127.0.1.1.tm0000300001 with state COMMITTING
18-12-29 02:47:07,266 [main] Local heuristic termination of coordinator 127.0.1.1.tm0000400001 with state COMMITTING
18-12-29 02:47:07,266 [main] Local heuristic termination of coordinator 127.0.1.1.tm0000400001 with state COMMITTING
18-12-29 02:47:07,268 [main] Local heuristic termination of coordinator 127.0.1.1.tm0000500001 with state COMMITTING
18-12-29 02:47:07,269 [main] Local heuristic termination of coordinator 127.0.1.1.tm0000500001 with state COMMITTING
.
18-12-29 02:47:07,270 [main] Local heuristic termination of coordinator 127.0.1.1.tm0000600001 with state COMMITTING
18-12-29 02:47:07,271 [main] Local heuristic termination of coordinator 127.0.1.1.tm0000600001 with state COMMITTING
18-12-29 02:47:07,272 [main] Local heuristic termination of coordinator 127.0.1.1.tm0000700001 with state COMMITTING
18-12-29 02:47:07,273 [main] Local heuristic termination of coordinator 127.0.1.1.tm0000700001 with state COMMITTING
18-12-29 02:47:07,279 [main] Local heuristic termination of coordinator 127.0.1.1.tm0000800001 with state COMMITTING
18-12-29 02:47:07,283 [main] Local heuristic termination of coordinator 127.0.1.1.tm0000800001 with state COMMITTING
18-12-29 02:47:07,289 [main] Local heuristic termination of coordinator 127.0.1.1.tm0000900001 with state COMMITTING
18-12-29 02:47:07,289 [main] Local heuristic termination of coordinator 127.0.1.1.tm0000900001 with state COMMITTING
18-12-29 02:47:07,291 [main] Local heuristic termination of coordinator 127.0.1.1.tm0001000001 with state COMMITTING
18-12-29 02:47:07,291 [main] Local heuristic termination of coordinator 127.0.1.1.tm0001000001 with state COMMITTING
.
18-12-29 02:47:07,292 [main] Local heuristic termination of coordinator 127.0.1.1.tm0001100001 with state COMMITTING
18-12-29 02:47:07,293 [main] Local heuristic termination of coordinator 127.0.1.1.tm0001100001 with state COMMITTING
18-12-29 02:47:07,294 [main] Local heuristic termination of coordinator 127.0.1.1.tm0001200001 with state COMMITTING
18-12-29 02:47:07,294 [main] Local heuristic termination of coordinator 127.0.1.1.tm0001200001 with state COMMITTING
18-12-29 02:47:07,296 [main] Local heuristic termination of coordinator 127.0.1.1.tm0001300001 with state COMMITTING
18-12-29 02:47:07,296 [main] Local heuristic termination of coordinator 127.0.1.1.tm0001300001 with state COMMITTING
18-12-29 02:47:07,298 [main] Local heuristic termination of coordinator 127.0.1.1.tm0001400001 with state COMMITTING
18-12-29 02:47:07,298 [main] Local heuristic termination of coordinator 127.0.1.1.tm0001400001 with state COMMITTING
18-12-29 02:47:07,300 [main] Local heuristic termination of coordinator 127.0.1.1.tm0001500001 with state COMMITTING
18-12-29 02:47:07,300 [main] Local heuristic termination of coordinator 127.0.1.1.tm0001500001 with state COMMITTING
.
18-12-29 02:47:07,303 [main] Local heuristic termination of coordinator 127.0.1.1.tm0001600001 with state COMMITTING
18-12-29 02:47:07,303 [main] Local heuristic termination of coordinator 127.0.1.1.tm0001600001 with state COMMITTING
18-12-29 02:47:07,304 [main] Done read of logfile
18-12-29 02:47:07,304 [main] Logfile closed: /home/m3/Projetos/exemploweb/web/./tmlog0.log
18-12-30 16:52:27,645 [main] Starting read of logfile /home/m3/Projetos/exemploweb/web/./tmlog1.log
18-12-30 16:52:27,758 [main] Local heuristic termination of coordinator 127.0.1.1.tm0000100002 with state COMMITTING
18-12-30 16:52:27,759 [main] Local heuristic termination of coordinator 127.0.1.1.tm0000100002 with state COMMITTING
18-12-30 16:52:27,761 [main] Local heuristic termination of coordinator 127.0.1.1.tm0000200002 with state COMMITTING
18-12-30 16:52:27,762 [main] Local heuristic termination of coordinator 127.0.1.1.tm0000200002 with state COMMITTING
18-12-30 16:52:27,787 [main] Local heuristic termination of coordinator 127.0.1.1.tm0000300002 with state COMMITTING
18-12-30 16:52:27,788 [main] Local heuristic termination of coordinator 127.0.1.1.tm0000300002 with state COMMITTING
18-12-30 16:52:27,794 [main] Local heuristic termination of coordinator 127.0.1.1.tm0000400002 with state COMMITTING
18-12-30 16:52:27,795 [main] Local heuristic termination of coordinator 127.0.1.1.tm0000400002 with state COMMITTING
18-12-30 16:52:27,800 [main] Local heuristic termination of coordinator 127.0.1.1.tm0000500002 with state COMMITTING
18-12-30 16:52:27,800 [main] Local heuristic termination of coordinator 127.0.1.1.tm0000500002 with state COMMITTING
.
18-12-30 16:52:27,807 [main] Local heuristic termination of coordinator 127.0.1.1.tm0000600002 with state COMMITTING
18-12-30 16:52:27,808 [main] Local heuristic termination of coordinator 127.0.1.1.tm0000600002 with state COMMITTING
18-12-30 16:52:27,811 [main] Local heuristic termination of coordinator 127.0.1.1.tm0000700002 with state COMMITTING
18-12-30 16:52:27,812 [main] Local heuristic termination of coordinator 127.0.1.1.tm0000700002 with state COMMITTING
18-12-30 16:52:27,815 [main] Local heuristic termination of coordinator 127.0.1.1.tm0000800002 with state COMMITTING
18-12-30 16:52:27,816 [main] Local heuristic termination of coordinator 127.0.1.1.tm0000800002 with state COMMITTING
18-12-30 16:52:27,817 [main] Done read of logfile
18-12-30 16:52:27,817 [main] Logfile closed: /home/m3/Projetos/exemploweb/web/./tmlog1.log
18-12-30 16:52:29,150 [main] AtomikosNonXADataSourceBean 'atomikosDatasource': no testQuery set - the connection pool will not be able to validate the connections!
18-12-30 17:18:36,280 [main] Starting read of logfile /home/m3/Projetos/exemploweb/web/./tmlog2.log
18-12-30 17:18:36,364 [main] Local heuristic termination of coordinator 127.0.1.1.tm0000100003 with state COMMITTING
18-12-30 17:18:36,366 [main] Local heuristic termination of coordinator 127.0.1.1.tm0000100003 with state COMMITTING
18-12-30 17:18:36,366 [main] Done read of logfile
18-12-30 17:18:36,367 [main] Logfile closed: /home/m3/Projetos/exemploweb/web/./tmlog2.log
18-12-30 19:36:19,079 [main] Starting read of logfile /home/m3/Projetos/exemploweb/web/./tmlog3.log
18-12-30 19:36:19,152 [main] Local heuristic termination of coordinator 127.0.1.1.tm0000100004 with state COMMITTING
18-12-30 19:36:19,154 [main] Local heuristic termination of coordinator 127.0.1.1.tm0000100004 with state COMMITTING
18-12-30 19:36:19,154 [main] Done read of logfile
18-12-30 19:36:19,155 [main] Logfile closed: /home/m3/Projetos/exemploweb/web/./tmlog3.log
18-12-30 19:36:20,233 [main] AtomikosNonXADataSourceBean 'atomikosDatasource': no testQuery set - the connection pool will not be able to validate the connections!
18-12-30 19:39:46,546 [main] Starting read of logfile /home/m3/Projetos/exemploweb/web/./tmlog4.log
18-12-30 19:39:46,628 [main] Local heuristic termination of coordinator 127.0.1.1.tm0000100005 with state COMMITTING
18-12-30 19:39:46,630 [main] Local heuristic termination of coordinator 127.0.1.1.tm0000100005 with state COMMITTING
18-12-30 19:39:46,632 [main] Local heuristic termination of coordinator 127.0.1.1.tm0000200005 with state COMMITTING
18-12-30 19:39:46,633 [main] Local heuristic termination of coordinator 127.0.1.1.tm0000200005 with state COMMITTING
18-12-30 19:39:46,635 [main] Local heuristic termination of coordinator 127.0.1.1.tm0000300005 with state COMMITTING
18-12-30 19:39:46,648 [main] Local heuristic termination of coordinator 127.0.1.1.tm0000300005 with state COMMITTING
18-12-30 19:39:46,651 [main] Local heuristic termination of coordinator 127.0.1.1.tm0000400005 with state COMMITTING
18-12-30 19:39:46,651 [main] Local heuristic termination of coordinator 127.0.1.1.tm0000400005 with state COMMITTING
18-12-30 19:39:46,653 [main] Local heuristic termination of coordinator 127.0.1.1.tm0000500005 with state COMMITTING
18-12-30 19:39:46,654 [main] Local heuristic termination of coordinator 127.0.1.1.tm0000500005 with state COMMITTING
.
18-12-30 19:39:46,655 [main] Local heuristic termination of coordinator 127.0.1.1.tm0000600005 with state COMMITTING
18-12-30 19:39:46,656 [main] Local heuristic termination of coordinator 127.0.1.1.tm0000600005 with state COMMITTING
18-12-30 19:39:46,657 [main] Local heuristic termination of coordinator 127.0.1.1.tm0000700005 with state COMMITTING
18-12-30 19:39:46,658 [main] Local heuristic termination of coordinator 127.0.1.1.tm0000700005 with state COMMITTING
18-12-30 19:39:46,660 [main] Local heuristic termination of coordinator 127.0.1.1.tm0000800005 with state COMMITTING
18-12-30 19:39:46,662 [main] Local heuristic termination of coordinator 127.0.1.1.tm0000800005 with state COMMITTING
18-12-30 19:39:46,664 [main] Local heuristic termination of coordinator 127.0.1.1.tm0000900005 with state COMMITTING
18-12-30 19:39:46,664 [main] Local heuristic termination of coordinator 127.0.1.1.tm0000900005 with state COMMITTING
18-12-30 19:39:46,664 [main] Done read of logfile
18-12-30 19:39:46,665 [main] Logfile closed: /home/m3/Projetos/exemploweb/web/./tmlog4.log
18-12-30 19:39:47,720 [main] AtomikosNonXADataSourceBean 'atomikosDatasource': no testQuery set - the connection pool will not be able to validate the connections!
18-12-30 19:43:14,808 [main] Starting read of logfile /home/m3/Projetos/exemploweb/web/./tmlog5.log
18-12-30 19:43:15,057 [main] Local heuristic termination of coordinator 127.0.1.1.tm0000100006 with state COMMITTING
18-12-30 19:43:15,059 [main] Local heuristic termination of coordinator 127.0.1.1.tm0000100006 with state COMMITTING
18-12-30 19:43:15,061 [main] Local heuristic termination of coordinator 127.0.1.1.tm0000200006 with state COMMITTING
18-12-30 19:43:15,062 [main] Local heuristic termination of coordinator 127.0.1.1.tm0000200006 with state COMMITTING
18-12-30 19:43:15,065 [main] Local heuristic termination of coordinator 127.0.1.1.tm0000300006 with state COMMITTING
18-12-30 19:43:15,066 [main] Local heuristic termination of coordinator 127.0.1.1.tm0000300006 with state COMMITTING
18-12-30 19:43:15,071 [main] Local heuristic termination of coordinator 127.0.1.1.tm0000400006 with state COMMITTING
18-12-30 19:43:15,072 [main] Local heuristic termination of coordinator 127.0.1.1.tm0000400006 with state COMMITTING
18-12-30 19:43:15,074 [main] Local heuristic termination of coordinator 127.0.1.1.tm0000500006 with state COMMITTING
18-12-30 19:43:15,074 [main] Local heuristic termination of coordinator 127.0.1.1.tm0000500006 with state COMMITTING
.
18-12-30 19:43:15,076 [main] Local heuristic termination of coordinator 127.0.1.1.tm0000600006 with state COMMITTING
18-12-30 19:43:15,076 [main] Local heuristic termination of coordinator 127.0.1.1.tm0000600006 with state COMMITTING
18-12-30 19:43:15,078 [main] Local heuristic termination of coordinator 127.0.1.1.tm0000700006 with state COMMITTING
18-12-30 19:43:15,079 [main] Local heuristic termination of coordinator 127.0.1.1.tm0000700006 with state COMMITTING
18-12-30 19:43:15,083 [main] Local heuristic termination of coordinator 127.0.1.1.tm0000800006 with state COMMITTING
18-12-30 19:43:15,085 [main] Local heuristic termination of coordinator 127.0.1.1.tm0000800006 with state COMMITTING
18-12-30 19:43:15,087 [main] Local heuristic termination of coordinator 127.0.1.1.tm0000900006 with state COMMITTING
18-12-30 19:43:15,088 [main] Local heuristic termination of coordinator 127.0.1.1.tm0000900006 with state COMMITTING
18-12-30 19:43:15,090 [main] Local heuristic termination of coordinator 127.0.1.1.tm0001000006 with state COMMITTING
18-12-30 19:43:15,090 [main] Local heuristic termination of coordinator 127.0.1.1.tm0001000006 with state COMMITTING
.
18-12-30 19:43:15,092 [main] Local heuristic termination of coordinator 127.0.1.1.tm0001100006 with state COMMITTING
18-12-30 19:43:15,092 [main] Local heuristic termination of coordinator 127.0.1.1.tm0001100006 with state COMMITTING
18-12-30 19:43:15,093 [main] Done read of logfile
18-12-30 19:43:15,093 [main] Logfile closed: /home/m3/Projetos/exemploweb/web/./tmlog5.log
18-12-30 19:43:17,532 [main] AtomikosNonXADataSourceBean 'atomikosDatasource': no testQuery set - the connection pool will not be able to validate the connections!
18-12-30 20:06:49,637 [main] Starting read of logfile /home/m3/Projetos/exemploweb/web/./tmlog6.log
18-12-30 20:06:49,728 [main] Local heuristic termination of coordinator 127.0.1.1.tm0000100007 with state COMMITTING
18-12-30 20:06:49,730 [main] Local heuristic termination of coordinator 127.0.1.1.tm0000100007 with state COMMITTING
18-12-30 20:06:49,732 [main] Local heuristic termination of coordinator 127.0.1.1.tm0000200007 with state COMMITTING
18-12-30 20:06:49,732 [main] Local heuristic termination of coordinator 127.0.1.1.tm0000200007 with state COMMITTING
18-12-30 20:06:49,734 [main] Local heuristic termination of coordinator 127.0.1.1.tm0000300007 with state COMMITTING
18-12-30 20:06:49,735 [main] Local heuristic termination of coordinator 127.0.1.1.tm0000300007 with state COMMITTING
18-12-30 20:06:49,744 [main] Local heuristic termination of coordinator 127.0.1.1.tm0000400007 with state COMMITTING
18-12-30 20:06:49,745 [main] Local heuristic termination of coordinator 127.0.1.1.tm0000400007 with state COMMITTING
18-12-30 20:06:49,746 [main] Local heuristic termination of coordinator 127.0.1.1.tm0000500007 with state COMMITTING
18-12-30 20:06:49,749 [main] Local heuristic termination of coordinator 127.0.1.1.tm0000500007 with state COMMITTING
.
18-12-30 20:06:49,756 [main] Local heuristic termination of coordinator 127.0.1.1.tm0000600007 with state COMMITTING
18-12-30 20:06:49,757 [main] Local heuristic termination of coordinator 127.0.1.1.tm0000600007 with state COMMITTING
18-12-30 20:06:49,762 [main] Local heuristic termination of coordinator 127.0.1.1.tm0000700007 with state COMMITTING
18-12-30 20:06:49,762 [main] Local heuristic termination of coordinator 127.0.1.1.tm0000700007 with state COMMITTING
18-12-30 20:06:49,765 [main] Local heuristic termination of coordinator 127.0.1.1.tm0000800007 with state COMMITTING
18-12-30 20:06:49,766 [main] Local heuristic termination of coordinator 127.0.1.1.tm0000800007 with state COMMITTING
18-12-30 20:06:49,768 [main] Local heuristic termination of coordinator 127.0.1.1.tm0000900007 with state COMMITTING
18-12-30 20:06:49,768 [main] Local heuristic termination of coordinator 127.0.1.1.tm0000900007 with state COMMITTING
18-12-30 20:06:49,770 [main] Local heuristic termination of coordinator 127.0.1.1.tm0001000007 with state COMMITTING
18-12-30 20:06:49,770 [main] Local heuristic termination of coordinator 127.0.1.1.tm0001000007 with state COMMITTING
.
18-12-30 20:06:49,772 [main] Local heuristic termination of coordinator 127.0.1.1.tm0001100007 with state COMMITTING
18-12-30 20:06:49,772 [main] Local heuristic termination of coordinator 127.0.1.1.tm0001100007 with state COMMITTING
18-12-30 20:06:49,773 [main] Local heuristic termination of coordinator 127.0.1.1.tm0001200007 with state COMMITTING
18-12-30 20:06:49,774 [main] Local heuristic termination of coordinator 127.0.1.1.tm0001200007 with state COMMITTING
18-12-30 20:06:49,775 [main] Local heuristic termination of coordinator 127.0.1.1.tm0001300007 with state COMMITTING
18-12-30 20:06:49,775 [main] Local heuristic termination of coordinator 127.0.1.1.tm0001300007 with state COMMITTING
18-12-30 20:06:49,776 [main] Done read of logfile
18-12-30 20:06:49,776 [main] Logfile closed: /home/m3/Projetos/exemploweb/web/./tmlog6.log
18-12-30 20:06:50,953 [main] AtomikosNonXADataSourceBean 'atomikosDatasource': no testQuery set - the connection pool will not be able to validate the connections!
18-12-30 20:07:48,563 [main] Starting read of logfile /home/m3/Projetos/exemploweb/web/./tmlog7.log
18-12-30 20:07:48,646 [main] Local heuristic termination of coordinator 127.0.1.1.tm0000100008 with state COMMITTING
18-12-30 20:07:48,648 [main] Local heuristic termination of coordinator 127.0.1.1.tm0000100008 with state COMMITTING
18-12-30 20:07:48,662 [main] Local heuristic termination of coordinator 127.0.1.1.tm0000200008 with state COMMITTING
18-12-30 20:07:48,663 [main] Local heuristic termination of coordinator 127.0.1.1.tm0000200008 with state COMMITTING
18-12-30 20:07:48,665 [main] Local heuristic termination of coordinator 127.0.1.1.tm0000300008 with state COMMITTING
18-12-30 20:07:48,665 [main] Local heuristic termination of coordinator 127.0.1.1.tm0000300008 with state COMMITTING
18-12-30 20:07:48,665 [main] Done read of logfile
18-12-30 20:07:48,666 [main] Logfile closed: /home/m3/Projetos/exemploweb/web/./tmlog7.log
18-12-30 20:07:49,757 [main] AtomikosNonXADataSourceBean 'atomikosDatasource': no testQuery set - the connection pool will not be able to validate the connections!
18-12-30 20:23:17,063 [main] Starting read of logfile /home/m3/Projetos/exemploweb/web/./tmlog8.log
18-12-30 20:23:17,159 [main] Local heuristic termination of coordinator 127.0.1.1.tm0000100009 with state COMMITTING
18-12-30 20:23:17,161 [main] Local heuristic termination of coordinator 127.0.1.1.tm0000100009 with state COMMITTING
18-12-30 20:23:17,163 [main] Local heuristic termination of coordinator 127.0.1.1.tm0000200009 with state COMMITTING
18-12-30 20:23:17,163 [main] Local heuristic termination of coordinator 127.0.1.1.tm0000200009 with state COMMITTING
18-12-30 20:23:17,177 [main] Local heuristic termination of coordinator 127.0.1.1.tm0000300009 with state COMMITTING
18-12-30 20:23:17,178 [main] Local heuristic termination of coordinator 127.0.1.1.tm0000300009 with state COMMITTING
18-12-30 20:23:17,199 [main] Local heuristic termination of coordinator 127.0.1.1.tm0000400009 with state COMMITTING
18-12-30 20:23:17,200 [main] Local heuristic termination of coordinator 127.0.1.1.tm0000400009 with state COMMITTING
18-12-30 20:23:17,204 [main] Local heuristic termination of coordinator 127.0.1.1.tm0000500009 with state COMMITTING
18-12-30 20:23:17,205 [main] Local heuristic termination of coordinator 127.0.1.1.tm0000500009 with state COMMITTING
.
18-12-30 20:23:17,209 [main] Local heuristic termination of coordinator 127.0.1.1.tm0000600009 with state COMMITTING
18-12-30 20:23:17,210 [main] Local heuristic termination of coordinator 127.0.1.1.tm0000600009 with state COMMITTING
18-12-30 20:23:17,211 [main] Local heuristic termination of coordinator 127.0.1.1.tm0000700009 with state COMMITTING
18-12-30 20:23:17,212 [main] Local heuristic termination of coordinator 127.0.1.1.tm0000700009 with state COMMITTING
18-12-30 20:23:17,214 [main] Local heuristic termination of coordinator 127.0.1.1.tm0000800009 with state COMMITTING
18-12-30 20:23:17,216 [main] Local heuristic termination of coordinator 127.0.1.1.tm0000800009 with state COMMITTING
18-12-30 20:23:17,217 [main] Local heuristic termination of coordinator 127.0.1.1.tm0000900009 with state COMMITTING
18-12-30 20:23:17,218 [main] Local heuristic termination of coordinator 127.0.1.1.tm0000900009 with state COMMITTING
18-12-30 20:23:17,219 [main] Local heuristic termination of coordinator 127.0.1.1.tm0001000009 with state COMMITTING
18-12-30 20:23:17,220 [main] Local heuristic termination of coordinator 127.0.1.1.tm0001000009 with state COMMITTING
.
18-12-30 20:23:17,221 [main] Local heuristic termination of coordinator 127.0.1.1.tm0001100009 with state COMMITTING
18-12-30 20:23:17,221 [main] Local heuristic termination of coordinator 127.0.1.1.tm0001100009 with state COMMITTING
18-12-30 20:23:17,224 [main] Local heuristic termination of coordinator 127.0.1.1.tm0001200009 with state COMMITTING
18-12-30 20:23:17,224 [main] Local heuristic termination of coordinator 127.0.1.1.tm0001200009 with state COMMITTING
18-12-30 20:23:17,226 [main] Local heuristic termination of coordinator 127.0.1.1.tm0001300009 with state COMMITTING
18-12-30 20:23:17,226 [main] Local heuristic termination of coordinator 127.0.1.1.tm0001300009 with state COMMITTING
18-12-30 20:23:17,228 [main] Local heuristic termination of coordinator 127.0.1.1.tm0001400009 with state COMMITTING
18-12-30 20:23:17,228 [main] Local heuristic termination of coordinator 127.0.1.1.tm0001400009 with state COMMITTING
18-12-30 20:23:17,230 [main] Local heuristic termination of coordinator 127.0.1.1.tm0001500009 with state COMMITTING
18-12-30 20:23:17,230 [main] Local heuristic termination of coordinator 127.0.1.1.tm0001500009 with state COMMITTING
.
18-12-30 20:23:17,233 [main] Local heuristic termination of coordinator 127.0.1.1.tm0001600009 with state COMMITTING
18-12-30 20:23:17,234 [main] Local heuristic termination of coordinator 127.0.1.1.tm0001600009 with state COMMITTING
18-12-30 20:23:17,235 [main] Local heuristic termination of coordinator 127.0.1.1.tm0001700009 with state COMMITTING
18-12-30 20:23:17,236 [main] Local heuristic termination of coordinator 127.0.1.1.tm0001700009 with state COMMITTING
18-12-30 20:23:17,237 [main] Local heuristic termination of coordinator 127.0.1.1.tm0001800009 with state COMMITTING
18-12-30 20:23:17,237 [main] Local heuristic termination of coordinator 127.0.1.1.tm0001800009 with state COMMITTING
18-12-30 20:23:17,238 [main] Done read of logfile
18-12-30 20:23:17,239 [main] Logfile closed: /home/m3/Projetos/exemploweb/web/./tmlog8.log
18-12-30 20:23:18,475 [main] AtomikosNonXADataSourceBean 'atomikosDatasource': no testQuery set - the connection pool will not be able to validate the connections!
18-12-30 20:28:48,842 [main] Starting read of logfile /home/m3/Projetos/exemploweb/web/./tmlog9.log
18-12-30 20:28:48,953 [main] Local heuristic termination of coordinator 127.0.1.1.tm0000100010 with state COMMITTING
18-12-30 20:28:48,955 [main] Local heuristic termination of coordinator 127.0.1.1.tm0000100010 with state COMMITTING
18-12-30 20:28:48,961 [main] Local heuristic termination of coordinator 127.0.1.1.tm0000200010 with state COMMITTING
18-12-30 20:28:48,962 [main] Local heuristic termination of coordinator 127.0.1.1.tm0000200010 with state COMMITTING
18-12-30 20:28:48,973 [main] Local heuristic termination of coordinator 127.0.1.1.tm0000300010 with state COMMITTING
18-12-30 20:28:48,974 [main] Local heuristic termination of coordinator 127.0.1.1.tm0000300010 with state COMMITTING
18-12-30 20:28:48,976 [main] Done read of logfile
18-12-30 20:28:48,978 [main] Logfile closed: /home/m3/Projetos/exemploweb/web/./tmlog9.log
18-12-30 20:28:50,137 [main] AtomikosNonXADataSourceBean 'atomikosDatasource': no testQuery set - the connection pool will not be able to validate the connections!
18-12-30 20:38:59,303 [main] Starting read of logfile /home/m3/Projetos/exemploweb/web/./tmlog10.log
18-12-30 20:38:59,416 [main] Local heuristic termination of coordinator 127.0.1.1.tm0000100011 with state COMMITTING
18-12-30 20:38:59,418 [main] Local heuristic termination of coordinator 127.0.1.1.tm0000100011 with state COMMITTING
18-12-30 20:38:59,424 [main] Local heuristic termination of coordinator 127.0.1.1.tm0000200011 with state COMMITTING
18-12-30 20:38:59,426 [main] Local heuristic termination of coordinator 127.0.1.1.tm0000200011 with state COMMITTING
18-12-30 20:38:59,437 [main] Local heuristic termination of coordinator 127.0.1.1.tm0000300011 with state COMMITTING
18-12-30 20:38:59,437 [main] Local heuristic termination of coordinator 127.0.1.1.tm0000300011 with state COMMITTING
18-12-30 20:38:59,439 [main] Done read of logfile
18-12-30 20:38:59,440 [main] Logfile closed: /home/m3/Projetos/exemploweb/web/./tmlog10.log
18-12-30 20:39:00,632 [main] AtomikosNonXADataSourceBean 'atomikosDatasource': no testQuery set - the connection pool will not be able to validate the connections!
18-12-30 20:42:36,099 [main] Starting read of logfile /home/m3/Projetos/exemploweb/web/./tmlog11.log
18-12-30 20:42:36,235 [main] Local heuristic termination of coordinator 127.0.1.1.tm0000100012 with state COMMITTING
18-12-30 20:42:36,237 [main] Local heuristic termination of coordinator 127.0.1.1.tm0000100012 with state COMMITTING
18-12-30 20:42:36,241 [main] Done read of logfile
18-12-30 20:42:36,241 [main] Logfile closed: /home/m3/Projetos/exemploweb/web/./tmlog11.log
18-12-30 20:42:37,541 [main] AtomikosNonXADataSourceBean 'atomikosDatasource': no testQuery set - the connection pool will not be able to validate the connections!
18-12-30 21:00:13,301 [main] Starting read of logfile /home/m3/Projetos/exemploweb/web/./tmlog12.log
18-12-30 21:00:13,423 [main] Local heuristic termination of coordinator 127.0.1.1.tm0000100013 with state COMMITTING
18-12-30 21:00:13,426 [main] Local heuristic termination of coordinator 127.0.1.1.tm0000100013 with state COMMITTING
18-12-30 21:00:13,428 [main] Local heuristic termination of coordinator 127.0.1.1.tm0000200013 with state COMMITTING
18-12-30 21:00:13,432 [main] Local heuristic termination of coordinator 127.0.1.1.tm0000200013 with state COMMITTING
18-12-30 21:00:13,434 [main] Local heuristic termination of coordinator 127.0.1.1.tm0000300013 with state COMMITTING
18-12-30 21:00:13,435 [main] Local heuristic termination of coordinator 127.0.1.1.tm0000300013 with state COMMITTING
18-12-30 21:00:13,436 [main] Local heuristic termination of coordinator 127.0.1.1.tm0000400013 with state COMMITTING
18-12-30 21:00:13,437 [main] Local heuristic termination of coordinator 127.0.1.1.tm0000400013 with state COMMITTING
18-12-30 21:00:13,439 [main] Local heuristic termination of coordinator 127.0.1.1.tm0000500013 with state COMMITTING
18-12-30 21:00:13,440 [main] Local heuristic termination of coordinator 127.0.1.1.tm0000500013 with state COMMITTING
.
18-12-30 21:00:13,440 [main] Done read of logfile
18-12-30 21:00:13,441 [main] Logfile closed: /home/m3/Projetos/exemploweb/web/./tmlog12.log
18-12-30 21:00:14,879 [main] AtomikosNonXADataSourceBean 'atomikosDatasource': no testQuery set - the connection pool will not be able to validate the connections!
